<?xml version="1.0" encoding="UTF-8"?>
<testng-results ignored="5" total="9" passed="2" failed="2" skipped="0">
  <reporter-output>
  </reporter-output>
  <suite started-at="2024-11-26T09:50:52 IST" name="Suite" finished-at="2024-11-26T09:51:39 IST" duration-ms="46846">
    <groups>
      <group name="RegressionTest">
        <method signature="Admin.createCategoryTest()[pri:0, instance:com.easypurse.ecommerce.AdminModule.Admin@45c7e403]" name="createCategoryTest" class="com.easypurse.ecommerce.AdminModule.Admin"/>
        <method signature="Admin.createSubCategoryTest()[pri:0, instance:com.easypurse.ecommerce.AdminModule.Admin@45c7e403]" name="createSubCategoryTest" class="com.easypurse.ecommerce.AdminModule.Admin"/>
        <method signature="User.VerifyTheCheckOutProcess()[pri:0, instance:com.easypurse.ecommerce.UserModule.User@7a8c8dcf]" name="VerifyTheCheckOutProcess" class="com.easypurse.ecommerce.UserModule.User"/>
        <method signature="User.verifyWishlistAfterLogout()[pri:0, instance:com.easypurse.ecommerce.UserModule.User@7a8c8dcf]" name="verifyWishlistAfterLogout" class="com.easypurse.ecommerce.UserModule.User"/>
      </group> <!-- RegressionTest -->
    </groups>
    <test started-at="2024-11-26T09:50:52 IST" name="Test" finished-at="2024-11-26T09:51:39 IST" duration-ms="46846">
      <class name="com.easypurse.ecommerce.UserModule.User">
        <test-method is-config="true" signature="configBS()[pri:0, instance:com.easypurse.ecommerce.UserModule.User@7a8c8dcf]" started-at="2024-11-26T09:50:52 IST" name="configBS" finished-at="2024-11-26T09:50:52 IST" duration-ms="339" status="PASS">
          <reporter-output>
          </reporter-output>
        </test-method> <!-- configBS -->
        <test-method is-config="true" signature="ConfigBC(java.lang.String)[pri:0, instance:com.easypurse.ecommerce.UserModule.User@7a8c8dcf]" started-at="2024-11-26T09:50:52 IST" name="ConfigBC" finished-at="2024-11-26T09:50:57 IST" duration-ms="4107" status="PASS">
          <params>
            <param index="0">
              <value>
                <![CDATA[chrome]]>
              </value>
            </param>
          </params>
          <reporter-output>
          </reporter-output>
        </test-method> <!-- ConfigBC -->
        <test-method is-config="true" signature="configBM()[pri:0, instance:com.easypurse.ecommerce.UserModule.User@7a8c8dcf]" started-at="2024-11-26T09:50:57 IST" name="configBM" finished-at="2024-11-26T09:50:57 IST" duration-ms="0" status="PASS">
          <reporter-output>
          </reporter-output>
        </test-method> <!-- configBM -->
        <test-method signature="VerifyTheCheckOutProcess()[pri:0, instance:com.easypurse.ecommerce.UserModule.User@7a8c8dcf]" started-at="2024-11-26T09:50:57 IST" name="VerifyTheCheckOutProcess" finished-at="2024-11-26T09:51:12 IST" duration-ms="15629" status="FAIL">
          <exception class="java.lang.AssertionError">
            <message>
              <![CDATA[expected [true] but found [false]]]>
            </message>
            <full-stacktrace>
              <![CDATA[java.lang.AssertionError: expected [true] but found [false]
at org.testng.Assert.fail(Assert.java:110)
at org.testng.Assert.failNotEquals(Assert.java:1577)
at org.testng.Assert.assertTrue(Assert.java:56)
at org.testng.Assert.assertTrue(Assert.java:66)
at com.easypurse.ecommerce.UserModule.User.VerifyTheCheckOutProcess(User.java:111)
at java.base/jdk.internal.reflect.DirectMethodHandleAccessor.invoke(DirectMethodHandleAccessor.java:103)
at java.base/java.lang.reflect.Method.invoke(Method.java:580)
at org.testng.internal.invokers.MethodInvocationHelper.invokeMethod(MethodInvocationHelper.java:139)
at org.testng.internal.invokers.TestInvoker.invokeMethod(TestInvoker.java:677)
at org.testng.internal.invokers.TestInvoker.invokeTestMethod(TestInvoker.java:221)
at org.testng.internal.invokers.MethodRunner.runInSequence(MethodRunner.java:50)
at org.testng.internal.invokers.TestInvoker$MethodInvocationAgent.invoke(TestInvoker.java:969)
at org.testng.internal.invokers.TestInvoker.invokeTestMethods(TestInvoker.java:194)
at org.testng.internal.invokers.TestMethodWorker.invokeTestMethods(TestMethodWorker.java:148)
at org.testng.internal.invokers.TestMethodWorker.run(TestMethodWorker.java:128)
at java.base/java.util.ArrayList.forEach(ArrayList.java:1597)
at org.testng.TestRunner.privateRun(TestRunner.java:829)
at org.testng.TestRunner.run(TestRunner.java:602)
at org.testng.SuiteRunner.runTest(SuiteRunner.java:437)
at org.testng.SuiteRunner.runSequentially(SuiteRunner.java:431)
at org.testng.SuiteRunner.privateRun(SuiteRunner.java:391)
at org.testng.SuiteRunner.run(SuiteRunner.java:330)
at org.testng.SuiteRunnerWorker.runSuite(SuiteRunnerWorker.java:52)
at org.testng.SuiteRunnerWorker.run(SuiteRunnerWorker.java:95)
at org.testng.TestNG.runSuitesSequentially(TestNG.java:1256)
at org.testng.TestNG.runSuitesLocally(TestNG.java:1176)
at org.testng.TestNG.runSuites(TestNG.java:1099)
at org.testng.TestNG.run(TestNG.java:1067)
at org.testng.remote.AbstractRemoteTestNG.run(AbstractRemoteTestNG.java:115)
at org.testng.remote.RemoteTestNG.initAndRun(RemoteTestNG.java:293)
at org.testng.remote.RemoteTestNG.main(RemoteTestNG.java:91)
]]>
            </full-stacktrace>
          </exception> <!-- java.lang.AssertionError -->
          <reporter-output>
          </reporter-output>
        </test-method> <!-- VerifyTheCheckOutProcess -->
        <test-method is-config="true" signature="configAM()[pri:0, instance:com.easypurse.ecommerce.UserModule.User@7a8c8dcf]" started-at="2024-11-26T09:51:12 IST" name="configAM" finished-at="2024-11-26T09:51:12 IST" duration-ms="8" status="PASS">
          <reporter-output>
          </reporter-output>
        </test-method> <!-- configAM -->
        <test-method signature="verifyWishlistAfterLogout()[pri:0, instance:com.easypurse.ecommerce.UserModule.User@7a8c8dcf]" started-at="2024-11-26T09:51:12 IST" name="verifyWishlistAfterLogout" finished-at="2024-11-26T09:51:28 IST" duration-ms="16000" status="FAIL">
          <exception class="org.openqa.selenium.NoSuchElementException">
            <message>
              <![CDATA[no such element: Unable to locate element: {"method":"css selector","selector":"#exampleInputPassword1"}
  (Session info: chrome=131.0.6778.86)
For documentation on this error, please visit: https://www.selenium.dev/documentation/webdriver/troubleshooting/errors#no-such-element-exception
Build info: version: '4.18.1', revision: 'b1d3319b48'
System info: os.name: 'Windows 11', os.arch: 'amd64', os.version: '10.0', java.version: '23.0.1'
Driver info: org.openqa.selenium.chrome.ChromeDriver
Command: [0e6602c54a2a4d800943d13495778d37, findElement {value=exampleInputPassword1, using=id}]
Capabilities {acceptInsecureCerts: false, browserName: chrome, browserVersion: 131.0.6778.86, chrome: {chromedriverVersion: 131.0.6778.85 (3d81e41b6f3a..., userDataDir: C:\Users\HP\AppData\Local\T...}, fedcm:accounts: true, goog:chromeOptions: {debuggerAddress: localhost:50401}, networkConnectionEnabled: false, pageLoadStrategy: normal, platformName: windows, proxy: Proxy(), se:cdp: ws://localhost:50401/devtoo..., se:cdpVersion: 131.0.6778.86, setWindowRect: true, strictFileInteractability: false, timeouts: {implicit: 0, pageLoad: 300000, script: 30000}, unhandledPromptBehavior: dismiss and notify, webauthn:extension:credBlob: true, webauthn:extension:largeBlob: true, webauthn:extension:minPinLength: true, webauthn:extension:prf: true, webauthn:virtualAuthenticators: true}
Session ID: 0e6602c54a2a4d800943d13495778d37]]>
            </message>
            <full-stacktrace>
              <![CDATA[org.openqa.selenium.NoSuchElementException: no such element: Unable to locate element: {"method":"css selector","selector":"#exampleInputPassword1"}
  (Session info: chrome=131.0.6778.86)
For documentation on this error, please visit: https://www.selenium.dev/documentation/webdriver/troubleshooting/errors#no-such-element-exception
Build info: version: '4.18.1', revision: 'b1d3319b48'
System info: os.name: 'Windows 11', os.arch: 'amd64', os.version: '10.0', java.version: '23.0.1'
Driver info: org.openqa.selenium.chrome.ChromeDriver
Command: [0e6602c54a2a4d800943d13495778d37, findElement {value=exampleInputPassword1, using=id}]
Capabilities {acceptInsecureCerts: false, browserName: chrome, browserVersion: 131.0.6778.86, chrome: {chromedriverVersion: 131.0.6778.85 (3d81e41b6f3a..., userDataDir: C:\Users\HP\AppData\Local\T...}, fedcm:accounts: true, goog:chromeOptions: {debuggerAddress: localhost:50401}, networkConnectionEnabled: false, pageLoadStrategy: normal, platformName: windows, proxy: Proxy(), se:cdp: ws://localhost:50401/devtoo..., se:cdpVersion: 131.0.6778.86, setWindowRect: true, strictFileInteractability: false, timeouts: {implicit: 0, pageLoad: 300000, script: 30000}, unhandledPromptBehavior: dismiss and notify, webauthn:extension:credBlob: true, webauthn:extension:largeBlob: true, webauthn:extension:minPinLength: true, webauthn:extension:prf: true, webauthn:virtualAuthenticators: true}
Session ID: 0e6602c54a2a4d800943d13495778d37
at java.base/jdk.internal.reflect.DirectConstructorHandleAccessor.newInstance(DirectConstructorHandleAccessor.java:62)
at java.base/java.lang.reflect.Constructor.newInstanceWithCaller(Constructor.java:501)
at java.base/java.lang.reflect.Constructor.newInstance(Constructor.java:485)
at org.openqa.selenium.remote.ErrorCodec.decode(ErrorCodec.java:167)
at org.openqa.selenium.remote.codec.w3c.W3CHttpResponseCodec.decode(W3CHttpResponseCodec.java:138)
at org.openqa.selenium.remote.codec.w3c.W3CHttpResponseCodec.decode(W3CHttpResponseCodec.java:50)
at org.openqa.selenium.remote.HttpCommandExecutor.execute(HttpCommandExecutor.java:190)
at org.openqa.selenium.remote.service.DriverCommandExecutor.invokeExecute(DriverCommandExecutor.java:216)
at org.openqa.selenium.remote.service.DriverCommandExecutor.execute(DriverCommandExecutor.java:174)
at org.openqa.selenium.remote.RemoteWebDriver.execute(RemoteWebDriver.java:519)
at org.openqa.selenium.remote.ElementLocation$ElementFinder$2.findElement(ElementLocation.java:165)
at org.openqa.selenium.remote.ElementLocation.findElement(ElementLocation.java:59)
at org.openqa.selenium.remote.RemoteWebDriver.findElement(RemoteWebDriver.java:356)
at org.openqa.selenium.remote.RemoteWebDriver.findElement(RemoteWebDriver.java:350)
at org.openqa.selenium.support.pagefactory.DefaultElementLocator.findElement(DefaultElementLocator.java:68)
at org.openqa.selenium.support.pagefactory.internal.LocatingElementHandler.invoke(LocatingElementHandler.java:38)
at jdk.proxy2/jdk.proxy2.$Proxy21.sendKeys(Unknown Source)
at com.easypurse.ecommerce.ObjectRepo.UserLoginPage.userLogin(UserLoginPage.java:95)
at com.easypurse.ecommerce.UserModule.User.verifyWishlistAfterLogout(User.java:53)
at java.base/jdk.internal.reflect.DirectMethodHandleAccessor.invoke(DirectMethodHandleAccessor.java:103)
at java.base/java.lang.reflect.Method.invoke(Method.java:580)
at org.testng.internal.invokers.MethodInvocationHelper.invokeMethod(MethodInvocationHelper.java:139)
at org.testng.internal.invokers.TestInvoker.invokeMethod(TestInvoker.java:677)
at org.testng.internal.invokers.TestInvoker.invokeTestMethod(TestInvoker.java:221)
at org.testng.internal.invokers.MethodRunner.runInSequence(MethodRunner.java:50)
at org.testng.internal.invokers.TestInvoker$MethodInvocationAgent.invoke(TestInvoker.java:969)
at org.testng.internal.invokers.TestInvoker.invokeTestMethods(TestInvoker.java:194)
at org.testng.internal.invokers.TestMethodWorker.invokeTestMethods(TestMethodWorker.java:148)
at org.testng.internal.invokers.TestMethodWorker.run(TestMethodWorker.java:128)
at java.base/java.util.ArrayList.forEach(ArrayList.java:1597)
at org.testng.TestRunner.privateRun(TestRunner.java:829)
at org.testng.TestRunner.run(TestRunner.java:602)
at org.testng.SuiteRunner.runTest(SuiteRunner.java:437)
at org.testng.SuiteRunner.runSequentially(SuiteRunner.java:431)
at org.testng.SuiteRunner.privateRun(SuiteRunner.java:391)
at org.testng.SuiteRunner.run(SuiteRunner.java:330)
at org.testng.SuiteRunnerWorker.runSuite(SuiteRunnerWorker.java:52)
at org.testng.SuiteRunnerWorker.run(SuiteRunnerWorker.java:95)
at org.testng.TestNG.runSuitesSequentially(TestNG.java:1256)
at org.testng.TestNG.runSuitesLocally(TestNG.java:1176)
at org.testng.TestNG.runSuites(TestNG.java:1099)
at org.testng.TestNG.run(TestNG.java:1067)
at org.testng.remote.AbstractRemoteTestNG.run(AbstractRemoteTestNG.java:115)
at org.testng.remote.RemoteTestNG.initAndRun(RemoteTestNG.java:293)
at org.testng.remote.RemoteTestNG.main(RemoteTestNG.java:91)
]]>
            </full-stacktrace>
          </exception> <!-- org.openqa.selenium.NoSuchElementException -->
          <reporter-output>
          </reporter-output>
        </test-method> <!-- verifyWishlistAfterLogout -->
        <test-method is-config="true" signature="configBM()[pri:0, instance:com.easypurse.ecommerce.UserModule.User@7a8c8dcf]" started-at="2024-11-26T09:51:12 IST" name="configBM" finished-at="2024-11-26T09:51:12 IST" duration-ms="0" status="PASS">
          <reporter-output>
          </reporter-output>
        </test-method> <!-- configBM -->
        <test-method is-config="true" signature="configAM()[pri:0, instance:com.easypurse.ecommerce.UserModule.User@7a8c8dcf]" started-at="2024-11-26T09:51:28 IST" name="configAM" finished-at="2024-11-26T09:51:28 IST" duration-ms="0" status="PASS">
          <reporter-output>
          </reporter-output>
        </test-method> <!-- configAM -->
        <test-method is-config="true" signature="configAC()[pri:0, instance:com.easypurse.ecommerce.UserModule.User@7a8c8dcf]" started-at="2024-11-26T09:51:28 IST" name="configAC" finished-at="2024-11-26T09:51:29 IST" duration-ms="217" status="PASS">
          <reporter-output>
          </reporter-output>
        </test-method> <!-- configAC -->
        <test-method is-config="true" signature="configAS()[pri:0, instance:com.easypurse.ecommerce.UserModule.User@7a8c8dcf]" started-at="2024-11-26T09:51:39 IST" name="configAS" finished-at="2024-11-26T09:51:39 IST" duration-ms="0" status="PASS">
          <reporter-output>
          </reporter-output>
        </test-method> <!-- configAS -->
      </class> <!-- com.easypurse.ecommerce.UserModule.User -->
      <class name="com.easypurse.ecommerce.AdminModule.Admin">
        <test-method is-config="true" signature="ConfigBC(java.lang.String)[pri:0, instance:com.easypurse.ecommerce.AdminModule.Admin@45c7e403]" started-at="2024-11-26T09:51:29 IST" name="ConfigBC" finished-at="2024-11-26T09:51:32 IST" duration-ms="3035" status="PASS">
          <params>
            <param index="0">
              <value>
                <![CDATA[chrome]]>
              </value>
            </param>
          </params>
          <reporter-output>
          </reporter-output>
        </test-method> <!-- ConfigBC -->
        <test-method signature="createCategoryTest()[pri:0, instance:com.easypurse.ecommerce.AdminModule.Admin@45c7e403]" started-at="2024-11-26T09:51:32 IST" name="createCategoryTest" finished-at="2024-11-26T09:51:36 IST" duration-ms="4479" status="PASS">
          <reporter-output>
          </reporter-output>
        </test-method> <!-- createCategoryTest -->
        <test-method is-config="true" signature="configBM()[pri:0, instance:com.easypurse.ecommerce.AdminModule.Admin@45c7e403]" started-at="2024-11-26T09:51:32 IST" name="configBM" finished-at="2024-11-26T09:51:32 IST" duration-ms="0" status="PASS">
          <reporter-output>
          </reporter-output>
        </test-method> <!-- configBM -->
        <test-method is-config="true" signature="configAM()[pri:0, instance:com.easypurse.ecommerce.AdminModule.Admin@45c7e403]" started-at="2024-11-26T09:51:36 IST" name="configAM" finished-at="2024-11-26T09:51:36 IST" duration-ms="1" status="PASS">
          <reporter-output>
          </reporter-output>
        </test-method> <!-- configAM -->
        <test-method is-config="true" signature="configBM()[pri:0, instance:com.easypurse.ecommerce.AdminModule.Admin@45c7e403]" started-at="2024-11-26T09:51:36 IST" name="configBM" finished-at="2024-11-26T09:51:36 IST" duration-ms="2" status="PASS">
          <reporter-output>
          </reporter-output>
        </test-method> <!-- configBM -->
        <test-method signature="createSubCategoryTest()[pri:0, instance:com.easypurse.ecommerce.AdminModule.Admin@45c7e403]" started-at="2024-11-26T09:51:36 IST" name="createSubCategoryTest" finished-at="2024-11-26T09:51:39 IST" duration-ms="2817" status="PASS">
          <reporter-output>
          </reporter-output>
        </test-method> <!-- createSubCategoryTest -->
        <test-method is-config="true" signature="configAM()[pri:0, instance:com.easypurse.ecommerce.AdminModule.Admin@45c7e403]" started-at="2024-11-26T09:51:39 IST" name="configAM" finished-at="2024-11-26T09:51:39 IST" duration-ms="0" status="PASS">
          <reporter-output>
          </reporter-output>
        </test-method> <!-- configAM -->
        <test-method is-config="true" signature="configAC()[pri:0, instance:com.easypurse.ecommerce.AdminModule.Admin@45c7e403]" started-at="2024-11-26T09:51:39 IST" name="configAC" finished-at="2024-11-26T09:51:39 IST" duration-ms="169" status="PASS">
          <reporter-output>
          </reporter-output>
        </test-method> <!-- configAC -->
      </class> <!-- com.easypurse.ecommerce.AdminModule.Admin -->
    </test> <!-- Test -->
  </suite> <!-- Suite -->
</testng-results>
